<?xml version="1.0" encoding="UTF-8"?>
<testsuite xmlns:xsi="http://www.w3.org/2001/XMLSchema-instance" xsi:noNamespaceSchemaLocation="https://maven.apache.org/surefire/maven-surefire-plugin/xsd/surefire-test-report-3.0.xsd" version="3.0" name="com.example.scaler.controllers.TestLectureController" time="6.941" tests="5" errors="0" skipped="0" failures="0">
  <properties>
[...]
</properties>
  <testcase name="testScheduleLecture_InvalidBatchId_Failure" classname="com.example.scaler.controllers.TestLectureController" time="0.95">
    <system-out><![CDATA[02:39:28.858 [main] INFO org.springframework.test.context.support.AnnotationConfigContextLoaderUtils -- Could not detect default configuration classes for test class [com.example.scaler.controllers.TestLectureController]: TestLectureController does not declare any static, non-private, non-final, nested classes annotated with @Configuration.
02:39:29.063 [main] INFO org.springframework.boot.test.context.SpringBootTestContextBootstrapper -- Found @SpringBootConfiguration com.example.scaler.ScalerApplication for test class com.example.scaler.controllers.TestLectureController

  .   ____          _            __ _ _
 /\\ / ___'_ __ _ _(_)_ __  __ _ \ \ \ \
( ( )\___ | '_ | '_| | '_ \/ _` | \ \ \ \
 \\/  ___)| |_)| | | | | || (_| |  ) ) ) )
  '  |____| .__|_| |_|_| |_\__, | / / / /
 =========|_|==============|___/=/_/_/_/
 :: Spring Boot ::                (v3.1.2)

2026-06-29T02:39:29.562Z  INFO 5517 --- [           main] c.e.s.controllers.TestLectureController  : Starting TestLectureController using Java 17.0.15 with PID 5517 (started by root in /config/workspace)
2026-06-29T02:39:29.563Z  INFO 5517 --- [           main] c.e.s.controllers.TestLectureController  : No active profile set, falling back to 1 default profile: "default"
2026-06-29T02:39:30.586Z  INFO 5517 --- [           main] .s.d.r.c.RepositoryConfigurationDelegate : Bootstrapping Spring Data JPA repositories in DEFAULT mode.
2026-06-29T02:39:30.644Z  INFO 5517 --- [           main] .s.d.r.c.RepositoryConfigurationDelegate : Finished Spring Data repository scanning in 51 ms. Found 4 JPA repository interfaces.
2026-06-29T02:39:31.193Z  INFO 5517 --- [           main] com.zaxxer.hikari.HikariDataSource       : HikariPool-1 - Starting...
2026-06-29T02:39:31.427Z  INFO 5517 --- [           main] com.zaxxer.hikari.pool.HikariPool        : HikariPool-1 - Added connection conn0: url=jdbc:h2:mem:ecom user=SA
2026-06-29T02:39:31.428Z  INFO 5517 --- [           main] com.zaxxer.hikari.HikariDataSource       : HikariPool-1 - Start completed.
2026-06-29T02:39:31.472Z  INFO 5517 --- [           main] o.hibernate.jpa.internal.util.LogHelper  : HHH000204: Processing PersistenceUnitInfo [name: default]
2026-06-29T02:39:31.516Z  INFO 5517 --- [           main] org.hibernate.Version                    : HHH000412: Hibernate ORM core version 6.2.6.Final
2026-06-29T02:39:31.518Z  INFO 5517 --- [           main] org.hibernate.cfg.Environment            : HHH000406: Using bytecode reflection optimizer
2026-06-29T02:39:31.632Z  INFO 5517 --- [           main] o.h.b.i.BytecodeProviderInitiator        : HHH000021: Bytecode provider name : bytebuddy
2026-06-29T02:39:31.777Z  INFO 5517 --- [           main] o.s.o.j.p.SpringPersistenceUnitInfo      : No LoadTimeWeaver setup: ignoring JPA class transformer
2026-06-29T02:39:32.035Z  INFO 5517 --- [           main] o.h.b.i.BytecodeProviderInitiator        : HHH000021: Bytecode provider name : bytebuddy
2026-06-29T02:39:32.839Z  INFO 5517 --- [           main] o.h.e.t.j.p.i.JtaPlatformInitiator       : HHH000490: Using JtaPlatform implementation: [org.hibernate.engine.transaction.jta.platform.internal.NoJtaPlatform]
2026-06-29T02:39:32.898Z  INFO 5517 --- [           main] j.LocalContainerEntityManagerFactoryBean : Initialized JPA EntityManagerFactory for persistence unit 'default'
2026-06-29T02:39:33.633Z  WARN 5517 --- [           main] JpaBaseConfiguration$JpaWebConfiguration : spring.jpa.open-in-view is enabled by default. Therefore, database queries may be performed during view rendering. Explicitly configure spring.jpa.open-in-view to disable this warning
2026-06-29T02:39:34.111Z  INFO 5517 --- [           main] c.e.s.controllers.TestLectureController  : Started TestLectureController in 4.855 seconds (process running for 6.202)
]]></system-out>
  </testcase>
  <testcase name="testScheduleLecture_InvalidInstructorId_Failure" classname="com.example.scaler.controllers.TestLectureController" time="0.092"/>
  <testcase name="testScheduleLecture_InvalidLectureIds_1_Failure" classname="com.example.scaler.controllers.TestLectureController" time="0.148"/>
  <testcase name="testScheduleLecture_Success" classname="com.example.scaler.controllers.TestLectureController" time="0.083"/>
  <testcase name="testScheduleLecture_InvalidLectureIds_2_Failure" classname="com.example.scaler.controllers.TestLectureController" time="0.156"/>
</testsuite>