<?xml version="1.0" encoding="UTF-8"?>
<testsuite xmlns:xsi="http://www.w3.org/2001/XMLSchema-instance" xsi:noNamespaceSchemaLocation="https://maven.apache.org/surefire/maven-surefire-plugin/xsd/surefire-test-report-3.0.xsd" version="3.0" name="com.example.ecom.controllers.TestRecommendationsController" time="5.955" tests="2" errors="0" skipped="0" failures="0">
  <properties>
[...]
</properties>
  <testcase name="testGenerateRecommendations" classname="com.example.ecom.controllers.TestRecommendationsController" time="0.993">
    <system-out><![CDATA[10:11:45.607 [main] INFO org.springframework.test.context.support.AnnotationConfigContextLoaderUtils -- Could not detect default configuration classes for test class [com.example.ecom.controllers.TestRecommendationsController]: TestRecommendationsController does not declare any static, non-private, non-final, nested classes annotated with @Configuration.
10:11:45.711 [main] INFO org.springframework.boot.test.context.SpringBootTestContextBootstrapper -- Found @SpringBootConfiguration com.example.ecom.EcomPlaceOrder for test class com.example.ecom.controllers.TestRecommendationsController

  .   ____          _            __ _ _
 /\\ / ___'_ __ _ _(_)_ __  __ _ \ \ \ \
( ( )\___ | '_ | '_| | '_ \/ _` | \ \ \ \
 \\/  ___)| |_)| | | | | || (_| |  ) ) ) )
  '  |____| .__|_| |_|_| |_\__, | / / / /
 =========|_|==============|___/=/_/_/_/
 :: Spring Boot ::                (v3.1.3)

2026-06-20T10:11:46.166Z  INFO 23090 --- [           main] c.e.e.c.TestRecommendationsController    : Starting TestRecommendationsController using Java 17.0.15 with PID 23090 (started by root in /config/workspace)
2026-06-20T10:11:46.169Z  INFO 23090 --- [           main] c.e.e.c.TestRecommendationsController    : No active profile set, falling back to 1 default profile: "default"
2026-06-20T10:11:47.105Z  INFO 23090 --- [           main] .s.d.r.c.RepositoryConfigurationDelegate : Multiple Spring Data modules found, entering strict repository configuration mode
2026-06-20T10:11:47.107Z  INFO 23090 --- [           main] .s.d.r.c.RepositoryConfigurationDelegate : Bootstrapping Spring Data JDBC repositories in DEFAULT mode.
2026-06-20T10:11:47.134Z  INFO 23090 --- [           main] .RepositoryConfigurationExtensionSupport : Spring Data JDBC - Could not safely identify store assignment for repository candidate interface com.example.ecom.repositories.ProductGroupsRepository; If you want this repository to be a JDBC repository, consider annotating your entities with one of these annotations: org.springframework.data.relational.core.mapping.Table.
2026-06-20T10:11:47.134Z  INFO 23090 --- [           main] .RepositoryConfigurationExtensionSupport : Spring Data JDBC - Could not safely identify store assignment for repository candidate interface com.example.ecom.repositories.ProductRepository; If you want this repository to be a JDBC repository, consider annotating your entities with one of these annotations: org.springframework.data.relational.core.mapping.Table.
2026-06-20T10:11:47.135Z  INFO 23090 --- [           main] .s.d.r.c.RepositoryConfigurationDelegate : Finished Spring Data repository scanning in 24 ms. Found 0 JDBC repository interfaces.
2026-06-20T10:11:47.146Z  INFO 23090 --- [           main] .s.d.r.c.RepositoryConfigurationDelegate : Multiple Spring Data modules found, entering strict repository configuration mode
2026-06-20T10:11:47.147Z  INFO 23090 --- [           main] .s.d.r.c.RepositoryConfigurationDelegate : Bootstrapping Spring Data JPA repositories in DEFAULT mode.
2026-06-20T10:11:47.196Z  INFO 23090 --- [           main] .s.d.r.c.RepositoryConfigurationDelegate : Finished Spring Data repository scanning in 38 ms. Found 2 JPA repository interfaces.
2026-06-20T10:11:47.699Z  INFO 23090 --- [           main] com.zaxxer.hikari.HikariDataSource       : HikariPool-1 - Starting...
2026-06-20T10:11:47.891Z  INFO 23090 --- [           main] com.zaxxer.hikari.pool.HikariPool        : HikariPool-1 - Added connection conn0: url=jdbc:h2:mem:ecom user=SA
2026-06-20T10:11:47.892Z  INFO 23090 --- [           main] com.zaxxer.hikari.HikariDataSource       : HikariPool-1 - Start completed.
2026-06-20T10:11:47.934Z  INFO 23090 --- [           main] o.hibernate.jpa.internal.util.LogHelper  : HHH000204: Processing PersistenceUnitInfo [name: default]
2026-06-20T10:11:47.988Z  INFO 23090 --- [           main] org.hibernate.Version                    : HHH000412: Hibernate ORM core version 6.2.7.Final
2026-06-20T10:11:47.990Z  INFO 23090 --- [           main] org.hibernate.cfg.Environment            : HHH000406: Using bytecode reflection optimizer
2026-06-20T10:11:48.114Z  INFO 23090 --- [           main] o.h.b.i.BytecodeProviderInitiator        : HHH000021: Bytecode provider name : bytebuddy
2026-06-20T10:11:48.257Z  INFO 23090 --- [           main] o.s.o.j.p.SpringPersistenceUnitInfo      : No LoadTimeWeaver setup: ignoring JPA class transformer
2026-06-20T10:11:48.488Z  INFO 23090 --- [           main] o.h.b.i.BytecodeProviderInitiator        : HHH000021: Bytecode provider name : bytebuddy
2026-06-20T10:11:49.185Z  INFO 23090 --- [           main] o.h.e.t.j.p.i.JtaPlatformInitiator       : HHH000490: Using JtaPlatform implementation: [org.hibernate.engine.transaction.jta.platform.internal.NoJtaPlatform]
2026-06-20T10:11:49.230Z  INFO 23090 --- [           main] j.LocalContainerEntityManagerFactoryBean : Initialized JPA EntityManagerFactory for persistence unit 'default'
2026-06-20T10:11:49.722Z  WARN 23090 --- [           main] JpaBaseConfiguration$JpaWebConfiguration : spring.jpa.open-in-view is enabled by default. Therefore, database queries may be performed during view rendering. Explicitly configure spring.jpa.open-in-view to disable this warning
2026-06-20T10:11:50.316Z  INFO 23090 --- [           main] c.e.e.c.TestRecommendationsController    : Started TestRecommendationsController in 4.46 seconds (process running for 5.604)
Dummy data: products:[Product(super=BaseModel(id=1), name=Cricket bat, description=Cricket bat, price=1000.0), Product(super=BaseModel(id=2), name=Cricket ball, description=Cricket ball, price=100.0), Product(super=BaseModel(id=3), name=Cricket stumps, description=Cricket stumps, price=500.0), Product(super=BaseModel(id=4), name=Cricket gloves, description=Cricket gloves, price=200.0)], productGroups: [ProductGroup(products=[Product(super=BaseModel(id=1), name=Cricket bat, description=Cricket bat, price=1000.0), Product(super=BaseModel(id=2), name=Cricket ball, description=Cricket ball, price=100.0)]), ProductGroup(products=[Product(super=BaseModel(id=1), name=Cricket bat, description=Cricket bat, price=1000.0), Product(super=BaseModel(id=3), name=Cricket stumps, description=Cricket stumps, price=500.0)]), ProductGroup(products=[Product(super=BaseModel(id=1), name=Cricket bat, description=Cricket bat, price=1000.0), Product(super=BaseModel(id=2), name=Cricket ball, description=Cricket ball, price=100.0), Product(super=BaseModel(id=4), name=Cricket gloves, description=Cricket gloves, price=200.0)])]
]]></system-out>
  </testcase>
  <testcase name="testGenerateRecommendations_ProductNotFound" classname="com.example.ecom.controllers.TestRecommendationsController" time="0.034">
    <system-out><![CDATA[Dummy data: products:[Product(super=BaseModel(id=5), name=Cricket bat, description=Cricket bat, price=1000.0), Product(super=BaseModel(id=6), name=Cricket ball, description=Cricket ball, price=100.0), Product(super=BaseModel(id=7), name=Cricket stumps, description=Cricket stumps, price=500.0), Product(super=BaseModel(id=8), name=Cricket gloves, description=Cricket gloves, price=200.0)], productGroups: [ProductGroup(products=[Product(super=BaseModel(id=5), name=Cricket bat, description=Cricket bat, price=1000.0), Product(super=BaseModel(id=6), name=Cricket ball, description=Cricket ball, price=100.0)]), ProductGroup(products=[Product(super=BaseModel(id=5), name=Cricket bat, description=Cricket bat, price=1000.0), Product(super=BaseModel(id=7), name=Cricket stumps, description=Cricket stumps, price=500.0)]), ProductGroup(products=[Product(super=BaseModel(id=5), name=Cricket bat, description=Cricket bat, price=1000.0), Product(super=BaseModel(id=6), name=Cricket ball, description=Cricket ball, price=100.0), Product(super=BaseModel(id=8), name=Cricket gloves, description=Cricket gloves, price=200.0)])]
]]></system-out>
  </testcase>
</testsuite>